Arguments: 
  /usr/local/Cellar/node/12.12.0/bin/node /usr/local/bin/yarn add @material-ui/core/Divider

PATH: 
  /Users/mymislife/Downloads/google-cloud-sdk/bin:/usr/local/Cellar/node/12.12.0/bin:/usr/local/bin:/usr/bin:/bin:/usr/sbin:/sbin:/usr/local/share/dotnet:~/.dotnet/tools:/Applications/Postgres.app/Contents/Versions/latest/bin:/Users/mymislife/material-editor/node_modules/.bin

Yarn version: 
  1.19.1

Node version: 
  12.13.1

Platform: 
  darwin x64

Trace: 
  Error: https://registry.npmjs.org/@material-ui%2fcore/Divider: Request "https://registry.npmjs.org/@material-ui%2fcore/Divider" returned a 405
      at Request.params.callback [as _callback] (/usr/local/lib/node_modules/yarn/lib/cli.js:66935:18)
      at Request.self.callback (/usr/local/lib/node_modules/yarn/lib/cli.js:140564:22)
      at Request.emit (events.js:210:5)
      at Request.<anonymous> (/usr/local/lib/node_modules/yarn/lib/cli.js:141536:10)
      at Request.emit (events.js:210:5)
      at IncomingMessage.<anonymous> (/usr/local/lib/node_modules/yarn/lib/cli.js:141458:12)
      at Object.onceWrapper (events.js:299:28)
      at IncomingMessage.emit (events.js:215:7)
      at endReadableNT (_stream_readable.js:1184:12)
      at processTicksAndRejections (internal/process/task_queues.js:80:21)

npm manifest: 
  {
    "name": "material-editor",
    "version": "0.0.1",
    "private": true,
    "scripts": {
      "start": "react-scripts start"
    },
    "dependencies": {
      "prop-types": "^15.6.2",
      "prosemirror-commands": "^1.1.4",
      "prosemirror-dropcursor": "^1.3.2",
      "prosemirror-gapcursor": "^1.1.5",
      "prosemirror-history": "^1.1.3",
      "prosemirror-keymap": "^1.1.3",
      "prosemirror-model": "^1.9.1",
      "prosemirror-state": "^1.3.3",
      "prosemirror-transform": "^1.2.5",
      "prosemirror-view": "^1.14.6",
      "react": "^16.13.1",
      "react-dom": "^16.13.1",
      "react-scripts": "3.4.1"
    },
    "browserslist": {
      "production": [
        ">0.2%",
        "not dead",
        "not op_mini all"
      ],
      "development": [
        "last 1 chrome version",
        "last 1 firefox version",
        "last 1 safari version"
      ]
    }
  }

yarn manifest: 
  No manifest

Lockfile: 
  # THIS IS AN AUTOGENERATED FILE. DO NOT EDIT THIS FILE DIRECTLY.
  # yarn lockfile v1
  
  
  "js-tokens@^3.0.0 || ^4.0.0":
    version "4.0.0"
    resolved "https://registry.yarnpkg.com/js-tokens/-/js-tokens-4.0.0.tgz#19203fb59991df98e3a287050d4647cdeaf32499"
    integrity sha512-RdJUflcE3cUzKiMqQgsCu06FPu9UdIJO0beYbPhHN4k6apgJtifcoCtT9bcxOpYBtpD2kCM6Sbzg4CausW/PKQ==
  
  loose-envify@^1.1.0, loose-envify@^1.4.0:
    version "1.4.0"
    resolved "https://registry.yarnpkg.com/loose-envify/-/loose-envify-1.4.0.tgz#71ee51fa7be4caec1a63839f7e682d8132d30caf"
    integrity sha512-lyuxPGr/Wfhrlem2CL/UcnUc1zcqKAImBDzukY7Y5F/yQiNdko6+fRLevlw1HgMySw7f611UIY408EtxRSoK3Q==
    dependencies:
      js-tokens "^3.0.0 || ^4.0.0"
  
  object-assign@^4.1.1:
    version "4.1.1"
    resolved "https://registry.yarnpkg.com/object-assign/-/object-assign-4.1.1.tgz#2109adc7965887cfc05cbbd442cac8bfbb360863"
    integrity sha1-IQmtx5ZYh8/AXLvUQsrIv7s2CGM=
  
  orderedmap@^1.1.0:
    version "1.1.1"
    resolved "https://registry.yarnpkg.com/orderedmap/-/orderedmap-1.1.1.tgz#c618e77611b3b21d0fe3edc92586265e0059c789"
    integrity sha512-3Ux8um0zXbVacKUkcytc0u3HgC0b0bBLT+I60r2J/En72cI0nZffqrA7Xtf2Hqs27j1g82llR5Mhbd0Z1XW4AQ==
  
  prop-types@^15.6.2:
    version "15.7.2"
    resolved "https://registry.yarnpkg.com/prop-types/-/prop-types-15.7.2.tgz#52c41e75b8c87e72b9d9360e0206b99dcbffa6c5"
    integrity sha512-8QQikdH7//R2vurIJSutZ1smHYTcLpRWEOlHnzcWHmBYrOGUysKwSsrC89BCiFj3CbrfJ/nXFdJepOVrY1GCHQ==
    dependencies:
      loose-envify "^1.4.0"
      object-assign "^4.1.1"
      react-is "^16.8.1"
  
  prosemirror-commands@^1.1.4:
    version "1.1.4"
    resolved "https://registry.yarnpkg.com/prosemirror-commands/-/prosemirror-commands-1.1.4.tgz#991563e67623acab4f8c510fad1570f8b4693780"
    integrity sha512-kj4Qi+8h3EpJtZuuEDwZ9h2/QNGWDsIX/CzjmClxi9GhxWyBUMVUvIFk0mgdqHyX20lLeGmOpc0TLA5aPzgpWg==
    dependencies:
      prosemirror-model "^1.0.0"
      prosemirror-state "^1.0.0"
      prosemirror-transform "^1.0.0"
  
  prosemirror-dropcursor@^1.3.2:
    version "1.3.2"
    resolved "https://registry.yarnpkg.com/prosemirror-dropcursor/-/prosemirror-dropcursor-1.3.2.tgz#28738c4ed7102e814d7a8a26d70018523fc7cd6d"
    integrity sha512-4c94OUGyobGnwcQI70OXyMhE/9T4aTgjU+CHxkd5c7D+jH/J0mKM/lk+jneFVKt7+E4/M0D9HzRPifu8U28Thw==
    dependencies:
      prosemirror-state "^1.0.0"
      prosemirror-transform "^1.1.0"
      prosemirror-view "^1.1.0"
  
  prosemirror-gapcursor@^1.1.5:
    version "1.1.5"
    resolved "https://registry.yarnpkg.com/prosemirror-gapcursor/-/prosemirror-gapcursor-1.1.5.tgz#0c37fd6cbb1d7c46358c2e7397f8da9a8b5c6246"
    integrity sha512-SjbUZq5pgsBDuV3hu8GqgIpZR5eZvGLM+gPQTqjVVYSMUCfKW3EGXTEYaLHEl1bGduwqNC95O3bZflgtAb4L6w==
    dependencies:
      prosemirror-keymap "^1.0.0"
      prosemirror-model "^1.0.0"
      prosemirror-state "^1.0.0"
      prosemirror-view "^1.0.0"
  
  prosemirror-history@^1.1.3:
    version "1.1.3"
    resolved "https://registry.yarnpkg.com/prosemirror-history/-/prosemirror-history-1.1.3.tgz#4f76a1e71db4ef7cdf0e13dec6d8da2aeaecd489"
    integrity sha512-zGDotijea+vnfnyyUGyiy1wfOQhf0B/b6zYcCouBV8yo6JmrE9X23M5q7Nf/nATywEZbgRLG70R4DmfSTC+gfg==
    dependencies:
      prosemirror-state "^1.2.2"
      prosemirror-transform "^1.0.0"
      rope-sequence "^1.3.0"
  
  prosemirror-keymap@^1.0.0, prosemirror-keymap@^1.1.3:
    version "1.1.3"
    resolved "https://registry.yarnpkg.com/prosemirror-keymap/-/prosemirror-keymap-1.1.3.tgz#be22d6108df2521608e9216a87b1a810f0ed361e"
    integrity sha512-PRA4NzkUMzV/NFf5pyQ6tmlIHiW/qjQ1kGWUlV2rF/dvlOxtpGpTEjIMhWgLuMf+HiDEFnUEP7uhYXu+t+491g==
    dependencies:
      prosemirror-state "^1.0.0"
      w3c-keyname "^2.2.0"
  
  prosemirror-model@^1.0.0, prosemirror-model@^1.1.0, prosemirror-model@^1.9.1:
    version "1.9.1"
    resolved "https://registry.yarnpkg.com/prosemirror-model/-/prosemirror-model-1.9.1.tgz#8c08cf556f593c5f015548d2c1a6825661df087f"
    integrity sha512-Qblh8pm1c7Ll64sYLauwwzjimo/tFg1zW3Q3IWhKRhvfOEgRKqa6dC5pRrAa+XHOIjBFEYrqbi52J5bqA2dV8Q==
    dependencies:
      orderedmap "^1.1.0"
  
  prosemirror-state@^1.0.0, prosemirror-state@^1.2.2, prosemirror-state@^1.3.3:
    version "1.3.3"
    resolved "https://registry.yarnpkg.com/prosemirror-state/-/prosemirror-state-1.3.3.tgz#b2862866b14dec2b3ae1ab18229f2bd337651a2c"
    integrity sha512-PLXh2VJsIgvlgSTH6I2Yg6vk1CzPDp21DFreVpQtDMY2S6WaMmrQgDTLRcsrD8X38v8Yc873H7+ogdGzyIPn+w==
    dependencies:
      prosemirror-model "^1.0.0"
      prosemirror-transform "^1.0.0"
  
  prosemirror-transform@^1.0.0, prosemirror-transform@^1.1.0, prosemirror-transform@^1.2.5:
    version "1.2.5"
    resolved "https://registry.yarnpkg.com/prosemirror-transform/-/prosemirror-transform-1.2.5.tgz#7a3e2c61fcdbaf1d0844a2a3bc34fc3524e9809c"
    integrity sha512-eqeIaxWtUfOnpA1ERrXCuSIMzqIJtL9Qrs5uJMCjY5RMSaH5o4pc390SAjn/IDPeIlw6auh0hCCXs3wRvGnQug==
    dependencies:
      prosemirror-model "^1.0.0"
  
  prosemirror-view@^1.0.0, prosemirror-view@^1.1.0, prosemirror-view@^1.14.6:
    version "1.14.7"
    resolved "https://registry.yarnpkg.com/prosemirror-view/-/prosemirror-view-1.14.7.tgz#5480f2ec7f091e616989894983b62c5e2d16edc1"
    integrity sha512-ZCRbGAmJa0ORIY4xrDvOpxS/oAnph3egDauvQEI7SX4eex0zovUfC61I5X4AtPCaNN4JpLWEk60voCWi0cE2vA==
    dependencies:
      prosemirror-model "^1.1.0"
      prosemirror-state "^1.0.0"
      prosemirror-transform "^1.1.0"
  
  react-dom@^16.12.0:
    version "16.13.1"
    resolved "https://registry.yarnpkg.com/react-dom/-/react-dom-16.13.1.tgz#c1bd37331a0486c078ee54c4740720993b2e0e7f"
    integrity sha512-81PIMmVLnCNLO/fFOQxdQkvEq/+Hfpv24XNJfpyZhTRfO0QcmQIF/PgCa1zCOj2w1hrn12MFLyaJ/G0+Mxtfag==
    dependencies:
      loose-envify "^1.1.0"
      object-assign "^4.1.1"
      prop-types "^15.6.2"
      scheduler "^0.19.1"
  
  react-is@^16.8.1:
    version "16.13.1"
    resolved "https://registry.yarnpkg.com/react-is/-/react-is-16.13.1.tgz#789729a4dc36de2999dc156dd6c1d9c18cea56a4"
    integrity sha512-24e6ynE2H+OKt4kqsOvNd8kBpV65zoxbA4BVsEOB3ARVWQki/DHzaUoC5KuON/BiccDaCCTZBuOcfZs70kR8bQ==
  
  react@^16.12.0:
    version "16.13.1"
    resolved "https://registry.yarnpkg.com/react/-/react-16.13.1.tgz#2e818822f1a9743122c063d6410d85c1e3afe48e"
    integrity sha512-YMZQQq32xHLX0bz5Mnibv1/LHb3Sqzngu7xstSM+vrkE5Kzr9xE0yMByK5kMoTK30YVJE61WfbxIFFvfeDKT1w==
    dependencies:
      loose-envify "^1.1.0"
      object-assign "^4.1.1"
      prop-types "^15.6.2"
  
  rope-sequence@^1.3.0:
    version "1.3.2"
    resolved "https://registry.yarnpkg.com/rope-sequence/-/rope-sequence-1.3.2.tgz#a19e02d72991ca71feb6b5f8a91154e48e3c098b"
    integrity sha512-ku6MFrwEVSVmXLvy3dYph3LAMNS0890K7fabn+0YIRQ2T96T9F4gkFf0vf0WW0JUraNWwGRtInEpH7yO4tbQZg==
  
  scheduler@^0.19.1:
    version "0.19.1"
    resolved "https://registry.yarnpkg.com/scheduler/-/scheduler-0.19.1.tgz#4f3e2ed2c1a7d65681f4c854fa8c5a1ccb40f196"
    integrity sha512-n/zwRWRYSUj0/3g/otKDRPMh6qv2SYMWNq85IEa8iZyAv8od9zDYpGSnpBEjNgcMNq6Scbu5KfIPxNF72R/2EA==
    dependencies:
      loose-envify "^1.1.0"
      object-assign "^4.1.1"
  
  w3c-keyname@^2.2.0:
    version "2.2.4"
    resolved "https://registry.yarnpkg.com/w3c-keyname/-/w3c-keyname-2.2.4.tgz#4ade6916f6290224cdbd1db8ac49eab03d0eef6b"
    integrity sha512-tOhfEwEzFLJzf6d1ZPkYfGj+FWhIpBux9ppoP3rlclw3Z0BZv3N7b7030Z1kYth+6rDuAsXUFr+d0VE6Ed1ikw==
